Base path: D:/Unity/Editor/Data
Pipe name: \\.\pipe\UnityShaderCompiler-2-7028
Cmd: getPlatforms
Cmd: compileSnippet
  api=4 type=0 insize=956 outsize=1274 kw= ok=1
Cmd: compileSnippet
  api=8 type=1 insize=956 outsize=1048 kw= ok=1
Cmd: compileSnippet
  api=8 type=0 insize=986 outsize=1812 kw= ok=1
Cmd: compileSnippet
  api=8 type=1 insize=986 outsize=1113 kw= ok=1
Cmd: compileSnippet
  api=8 type=0 insize=1203 outsize=1950 kw= ok=1
Cmd: compileSnippet
  api=4 type=1 insize=1203 outsize=1168 kw= ok=1
Cmd: compileSnippet
  api=8 type=0 insize=1322 outsize=1950 kw= ok=1
Cmd: compileSnippet
  api=8 type=1 insize=1322 outsize=2600 kw= ok=1
Cmd: compileSnippet
  api=4 type=0 insize=1274 outsize=1388 kw= ok=1
Cmd: compileSnippet
  api=8 type=1 insize=1274 outsize=1633 kw= ok=1
Cmd: compileSnippet
  api=8 type=0 insize=1260 outsize=1950 kw= ok=1
Cmd: compileSnippet
  api=8 type=1 insize=1260 outsize=1609 kw= ok=1
Cmd: compileSnippet
  api=8 type=0 insize=949 outsize=1812 kw= ok=1
Cmd: compileSnippet
  api=8 type=1 insize=949 outsize=1113 kw= ok=1
Cmd: compileSnippet
  api=4 type=0 insize=1260 outsize=1388 kw= ok=1
Cmd: compileSnippet
  api=4 type=1 insize=1260 outsize=1705 kw= ok=1
Cmd: compileSnippet
  api=8 type=0 insize=1282 outsize=1950 kw= ok=1
Cmd: compileSnippet
  api=8 type=1 insize=1282 outsize=1682 kw= ok=1
Cmd: compileSnippet
  api=4 type=0 insize=1222 outsize=1388 kw= ok=1
Cmd: compileSnippet
  api=4 type=1 insize=1222 outsize=1168 kw= ok=1
Cmd: compileSnippet
  api=8 type=0 insize=1218 outsize=1950 kw= ok=1
Cmd: compileSnippet
  api=8 type=1 insize=1218 outsize=1715 kw= ok=1
Cmd: compileSnippet
  api=4 type=0 insize=1277 outsize=1388 kw= ok=1
Cmd: compileSnippet
  api=4 type=1 insize=1277 outsize=1120 kw= ok=1
Cmd: compileSnippet
  api=8 type=0 insize=1041 outsize=1812 kw= ok=1
Cmd: compileSnippet
  api=8 type=1 insize=1041 outsize=1390 kw= ok=1
Unhandled exception: Readfile from pipe failed. GLE=The pipe has been ended.


Quitting shader compiler process
