Base path: C:/Program Files (x86)/Unity/Editor/Data
Pipe name: \\.\pipe\UnityShaderCompiler-5-2760
Cmd: getPlatforms
Cmd: compileSnippet
  api=4 type=1 insize=876 outsize=754 kw= ok=1
Cmd: compileSnippet
  api=0 type=1 insize=1381 outsize=585 kw= ok=1
Cmd: compileSnippet
  api=8 type=0 insize=2154 outsize=2958 kw= ok=1
Cmd: compileSnippet
  api=0 type=0 insize=1788 outsize=660 kw= ok=1
Cmd: compileSnippet
  api=4 type=0 insize=2219 outsize=2078 kw= ok=1
Cmd: compileSnippet
  api=8 type=1 insize=2219 outsize=2584 kw= ok=1
Cmd: compileSnippet
  api=0 type=1 insize=1179 outsize=218 kw= ok=1
Cmd: compileSnippet
  api=4 type=1 insize=1252 outsize=1168 kw= ok=1
Cmd: compileSnippet
  api=0 type=1 insize=882 outsize=143 kw= ok=1
Cmd: compileSnippet
  api=4 type=1 insize=1099 outsize=1055 kw= ok=1
Cmd: compileSnippet
  api=8 type=0 insize=1051 outsize=1690 kw= ok=1
Cmd: compileSnippet
  api=8 type=0 insize=1917 outsize=2430 kw= ok=1
