Base path: C:/Program Files (x86)/Unity/Editor/Data
Pipe name: \\.\pipe\UnityShaderCompiler-6-5232
Cmd: getPlatforms
Cmd: compileSnippet
  api=0 type=1 insize=1770 outsize=471 kw= ok=1
Cmd: compileSnippet
  api=4 type=1 insize=1381 outsize=1737 kw= ok=1
Cmd: compileSnippet
  api=4 type=0 insize=1788 outsize=1697 kw= ok=1
Cmd: compileSnippet
  api=8 type=0 insize=1852 outsize=2430 kw= ok=1
Cmd: compileSnippet
  api=0 type=0 insize=1097 outsize=472 kw= ok=1
Cmd: compileSnippet
  api=4 type=0 insize=924 outsize=1193 kw= ok=1
Cmd: compileSnippet
  api=4 type=1 insize=1179 outsize=1014 kw= ok=1
Cmd: compileSnippet
  api=4 type=1 insize=2137 outsize=1632 kw= ok=1
Cmd: compileSnippet
  api=8 type=0 insize=1252 outsize=1950 kw= ok=1
Cmd: compileSnippet
  api=4 type=0 insize=2284 outsize=2078 kw= ok=1
Cmd: compileSnippet
  api=4 type=0 insize=1260 outsize=1388 kw= ok=1
Cmd: compileSnippet
  api=4 type=0 insize=1051 outsize=1193 kw= ok=1
Cmd: compileSnippet
  api=4 type=0 insize=1917 outsize=1697 kw= ok=1
